[Info  - 11:32:08.803] Starting TS Server
[Info  - 11:32:08.803] Using tsserver from: /root/.vscode-server/bin/d045a5eda657f4d7b676dedbfa7aab8207f8a075/extensions/node_modules/typescript/lib/tsserver.js
[Info  - 11:32:08.811] <syntax> Forking...
[Info  - 11:32:08.827] <syntax> Starting...
[Info  - 11:32:08.827] <semantic> Forking...
[Info  - 11:32:08.842] <semantic> Starting...
[Error  - 12:18:51.849] TSServer exited. Code: null. Signal: SIGKILL
[Info  - 12:18:51.863] Starting TS Server
[Info  - 12:18:51.863] Using tsserver from: /root/.vscode-server/bin/d045a5eda657f4d7b676dedbfa7aab8207f8a075/extensions/node_modules/typescript/lib/tsserver.js
[Info  - 12:18:51.904] <syntax> Forking...
[Info  - 12:18:51.971] <syntax> Starting...
[Info  - 12:18:51.972] <semantic> Forking...
[Info  - 12:18:51.992] <semantic> Starting...
[Error  - 12:21:18.715] TSServer exited. Code: null. Signal: SIGKILL
[Info  - 12:21:18.716] Starting TS Server
[Info  - 12:21:18.716] Using tsserver from: /root/.vscode-server/bin/d045a5eda657f4d7b676dedbfa7aab8207f8a075/extensions/node_modules/typescript/lib/tsserver.js
[Info  - 12:21:18.717] <syntax> Forking...
[Info  - 12:21:18.767] <syntax> Starting...
[Info  - 12:21:18.768] <semantic> Forking...
[Info  - 12:21:18.799] <semantic> Starting...
[Error  - 12:23:35.244] TSServer exited. Code: null. Signal: SIGKILL
[Info  - 12:23:35.250] Starting TS Server
[Info  - 12:23:35.250] Not starting server: disposed
