[2022-12-01T11:32:10.215Z] Log level: Info
[2022-12-01T11:32:10.265Z] [info] Validating found git in: git
[2022-12-01T11:32:10.391Z] [info] Using git 2.37.2 from git
[2022-12-01T11:32:10.502Z] > git rev-parse --show-toplevel [41ms]
[2022-12-01T11:32:10.502Z] fatal: not a git repository (or any of the parent directories): .git
[2022-12-01T11:32:10.569Z] > git rev-parse --show-toplevel [34ms]
[2022-12-01T11:32:10.569Z] fatal: not a git repository (or any of the parent directories): .git
[2022-12-01T11:32:10.615Z] > git rev-parse --show-toplevel [24ms]
[2022-12-01T11:32:10.615Z] fatal: not a git repository (or any of the parent directories): .git
[2022-12-01T11:32:10.667Z] > git rev-parse --show-toplevel [31ms]
[2022-12-01T11:32:10.667Z] fatal: not a git repository (or any of the parent directories): .git
[2022-12-01T11:32:12.873Z] > git rev-parse --show-toplevel [22ms]
[2022-12-01T11:32:12.873Z] fatal: not a git repository (or any of the parent directories): .git
[2022-12-01T11:34:15.957Z] > git rev-parse --show-toplevel [13ms]
[2022-12-01T11:34:15.957Z] fatal: not a git repository (or any of the parent directories): .git
[2022-12-01T11:35:47.956Z] > git rev-parse --show-toplevel [41ms]
[2022-12-01T11:35:47.956Z] fatal: not a git repository (or any of the parent directories): .git
[2022-12-01T11:36:22.801Z] > git rev-parse --show-toplevel [114ms]
[2022-12-01T11:36:22.801Z] fatal: not a git repository (or any of the parent directories): .git
[2022-12-01T11:37:51.217Z] > git rev-parse --show-toplevel [9ms]
[2022-12-01T11:37:51.217Z] fatal: not a git repository (or any of the parent directories): .git
[2022-12-01T11:38:54.157Z] > git rev-parse --show-toplevel [7ms]
[2022-12-01T11:38:54.158Z] fatal: not a git repository (or any of the parent directories): .git
[2022-12-01T11:39:14.284Z] > git rev-parse --show-toplevel [11ms]
[2022-12-01T11:39:14.284Z] fatal: not a git repository (or any of the parent directories): .git
[2022-12-01T11:39:30.107Z] > git rev-parse --show-toplevel [174ms]
[2022-12-01T11:39:30.107Z] fatal: not a git repository (or any of the parent directories): .git
[2022-12-01T11:39:40.070Z] > git rev-parse --show-toplevel [9ms]
[2022-12-01T11:39:40.070Z] fatal: not a git repository (or any of the parent directories): .git
[2022-12-01T11:40:14.300Z] > git rev-parse --show-toplevel [17ms]
[2022-12-01T11:40:14.300Z] fatal: not a git repository (or any of the parent directories): .git
[2022-12-01T11:44:57.159Z] > git rev-parse --show-toplevel [15ms]
[2022-12-01T11:44:57.159Z] fatal: not a git repository (or any of the parent directories): .git
[2022-12-01T11:46:54.380Z] > git rev-parse --show-toplevel [11ms]
[2022-12-01T11:46:54.380Z] fatal: not a git repository (or any of the parent directories): .git
[2022-12-01T11:46:55.087Z] > git rev-parse --show-toplevel [15ms]
[2022-12-01T11:46:55.087Z] fatal: not a git repository (or any of the parent directories): .git
[2022-12-01T11:46:55.550Z] > git rev-parse --show-toplevel [8ms]
[2022-12-01T11:46:55.550Z] fatal: not a git repository (or any of the parent directories): .git
[2022-12-01T11:46:59.436Z] > git rev-parse --show-toplevel [12ms]
[2022-12-01T11:46:59.436Z] fatal: not a git repository (or any of the parent directories): .git
[2022-12-01T11:51:53.133Z] > git rev-parse --show-toplevel [16ms]
[2022-12-01T11:51:53.133Z] fatal: not a git repository (or any of the parent directories): .git
