[Info  - 09:53:49.749] Starting TS Server
[Info  - 09:53:49.749] Using tsserver from: /root/.vscode-server/bin/d045a5eda657f4d7b676dedbfa7aab8207f8a075/extensions/node_modules/typescript/lib/tsserver.js
[Info  - 09:53:49.752] <syntax> Forking...
[Info  - 09:53:49.765] <syntax> Starting...
[Info  - 09:53:49.765] <semantic> Forking...
[Info  - 09:53:49.775] <semantic> Starting...
[Error  - 10:02:48.159] TSServer exited. Code: null. Signal: SIGKILL
[Info  - 10:02:48.205] Starting TS Server
[Info  - 10:02:48.205] Using tsserver from: /root/.vscode-server/bin/d045a5eda657f4d7b676dedbfa7aab8207f8a075/extensions/node_modules/typescript/lib/tsserver.js
[Info  - 10:02:48.209] <syntax> Forking...
[Info  - 10:02:48.285] <syntax> Starting...
[Info  - 10:02:48.286] <semantic> Forking...
[Info  - 10:02:48.332] <semantic> Starting...
[Error  - 10:08:19.554] TSServer exited. Code: null. Signal: SIGKILL
[Info  - 10:08:19.585] Starting TS Server
[Info  - 10:08:19.585] Using tsserver from: /root/.vscode-server/bin/d045a5eda657f4d7b676dedbfa7aab8207f8a075/extensions/node_modules/typescript/lib/tsserver.js
[Info  - 10:08:19.659] <syntax> Forking...
[Info  - 10:08:19.882] <syntax> Starting...
[Info  - 10:08:19.902] <semantic> Forking...
[Info  - 10:08:19.923] <semantic> Starting...
