[2022-12-02T07:03:40.963Z] Log level: Info
[2022-12-02T07:03:40.984Z] [info] Validating found git in: git
[2022-12-02T07:03:41.037Z] [info] Using git 2.37.2 from git
[2022-12-02T07:03:41.064Z] > git rev-parse --show-toplevel [11ms]
[2022-12-02T07:03:41.064Z] fatal: not a git repository (or any of the parent directories): .git
[2022-12-02T07:03:41.091Z] > git rev-parse --show-toplevel [15ms]
[2022-12-02T07:03:41.091Z] fatal: not a git repository (or any of the parent directories): .git
[2022-12-02T07:03:41.121Z] > git rev-parse --show-toplevel [18ms]
[2022-12-02T07:03:41.121Z] fatal: not a git repository (or any of the parent directories): .git
[2022-12-02T07:03:41.139Z] > git rev-parse --show-toplevel [13ms]
[2022-12-02T07:03:41.139Z] fatal: not a git repository (or any of the parent directories): .git
[2022-12-02T07:03:41.145Z] > git rev-parse --show-toplevel [2ms]
[2022-12-02T07:03:41.145Z] fatal: not a git repository (or any of the parent directories): .git
[2022-12-02T07:03:41.161Z] > git rev-parse --show-toplevel [4ms]
[2022-12-02T07:03:41.161Z] fatal: not a git repository (or any of the parent directories): .git
[2022-12-02T07:03:41.212Z] > git rev-parse --show-toplevel [47ms]
[2022-12-02T07:03:41.212Z] fatal: not a git repository (or any of the parent directories): .git
[2022-12-02T07:03:41.403Z] > git rev-parse --show-toplevel [16ms]
[2022-12-02T07:03:41.403Z] fatal: not a git repository (or any of the parent directories): .git
[2022-12-02T07:03:41.430Z] > git rev-parse --show-toplevel [21ms]
[2022-12-02T07:03:41.430Z] fatal: not a git repository (or any of the parent directories): .git
[2022-12-02T07:06:40.476Z] > git rev-parse --show-toplevel [61ms]
[2022-12-02T07:06:40.476Z] fatal: not a git repository (or any of the parent directories): .git
[2022-12-02T07:06:49.565Z] > git rev-parse --show-toplevel [73ms]
[2022-12-02T07:06:49.565Z] fatal: not a git repository (or any of the parent directories): .git
[2022-12-02T07:21:50.375Z] > git rev-parse --show-toplevel [21ms]
[2022-12-02T07:21:50.375Z] fatal: not a git repository (or any of the parent directories): .git
[2022-12-02T07:24:09.468Z] > git rev-parse --show-toplevel [14ms]
[2022-12-02T07:24:09.468Z] fatal: not a git repository (or any of the parent directories): .git
[2022-12-02T07:24:28.204Z] > git rev-parse --show-toplevel [16ms]
[2022-12-02T07:24:28.204Z] fatal: not a git repository (or any of the parent directories): .git
[2022-12-02T07:30:10.799Z] > git rev-parse --show-toplevel [6ms]
[2022-12-02T07:30:10.799Z] fatal: not a git repository (or any of the parent directories): .git
[2022-12-02T07:30:21.201Z] > git rev-parse --show-toplevel [31ms]
[2022-12-02T07:30:21.201Z] fatal: not a git repository (or any of the parent directories): .git
[2022-12-02T07:36:58.048Z] > git init [16ms]
[2022-12-02T07:36:58.049Z] hint: Using 'master' as the name for the initial branch. This default branch name
hint: is subject to change. To configure the initial branch name to use in all
hint: of your new repositories, which will suppress this warning, call:
hint: 
hint: 	git config --global init.defaultBranch <name>
hint: 
hint: Names commonly chosen instead of 'master' are 'main', 'trunk' and
hint: 'development'. The just-created branch can be renamed via this command:
hint: 
hint: 	git branch -m <name>
[2022-12-02T07:36:58.062Z] > git rev-parse --show-toplevel [3ms]
[2022-12-02T07:36:58.072Z] > git rev-parse --git-dir --git-common-dir [2ms]
[2022-12-02T07:36:58.082Z] [info] Open repository: /root
[2022-12-02T07:36:58.481Z] > git status -z -uall [390ms]
[2022-12-02T07:36:58.499Z] > git symbolic-ref --short HEAD [9ms]
[2022-12-02T07:36:58.515Z] > git for-each-ref --format=%(refname)%00%(upstream:short)%00%(objectname)%00%(upstream:track)%00%(upstream:remotename)%00%(upstream:remoteref) refs/heads/master refs/remotes/master [7ms]
[2022-12-02T07:36:58.538Z] > git for-each-ref --sort -committerdate --format %(refname) %(objectname) %(*objectname) [14ms]
[2022-12-02T07:36:58.543Z] > git remote --verbose [7ms]
[2022-12-02T07:37:00.372Z] > git check-ignore -v -z --stdin [1461ms]
[2022-12-02T07:37:00.387Z] > git config --get commit.template [76ms]
[2022-12-02T07:37:00.603Z] > git status -z -uall [155ms]
[2022-12-02T07:37:00.629Z] > git symbolic-ref --short HEAD [10ms]
[2022-12-02T07:37:00.646Z] > git for-each-ref --format=%(refname)%00%(upstream:short)%00%(objectname)%00%(upstream:track)%00%(upstream:remotename)%00%(upstream:remoteref) refs/heads/master refs/remotes/master [4ms]
[2022-12-02T07:37:00.680Z] > git for-each-ref --sort -committerdate --format %(refname) %(objectname) %(*objectname) [15ms]
[2022-12-02T07:37:00.689Z] > git remote --verbose [10ms]
[2022-12-02T07:37:02.464Z] > git config --get commit.template [20ms]
[2022-12-02T07:37:03.048Z] > git check-ignore -v -z --stdin [64ms]
[2022-12-02T07:37:08.278Z] > git add -A -- . [10178ms]
[2022-12-02T07:37:08.630Z] > git -c user.useConfigOnly=true commit --quiet --allow-empty-message --file - --allow-empty-message [343ms]
[2022-12-02T07:37:08.630Z] Author identity unknown

*** Please tell me who you are.

Run

  git config --global user.email "you@example.com"
  git config --global user.name "Your Name"

to set your account's default identity.
Omit --global to set the identity only in this repository.

fatal: no email was given and auto-detection is disabled
[2022-12-02T07:37:08.641Z] > git config --get-all user.name [2ms]
[2022-12-02T07:37:11.608Z] > git status -z -uall [61ms]
[2022-12-02T07:37:11.618Z] > git symbolic-ref --short HEAD [3ms]
[2022-12-02T07:37:11.627Z] > git for-each-ref --format=%(refname)%00%(upstream:short)%00%(objectname)%00%(upstream:track)%00%(upstream:remotename)%00%(upstream:remoteref) refs/heads/master refs/remotes/master [2ms]
[2022-12-02T07:37:11.642Z] > git for-each-ref --sort -committerdate --format %(refname) %(objectname) %(*objectname) [8ms]
[2022-12-02T07:37:11.645Z] > git remote --verbose [3ms]
[2022-12-02T07:37:11.776Z] > git config --get commit.template [5ms]
[2022-12-02T07:37:16.848Z] > git status -z -uall [60ms]
[2022-12-02T07:37:16.861Z] > git symbolic-ref --short HEAD [4ms]
[2022-12-02T07:37:16.871Z] > git for-each-ref --format=%(refname)%00%(upstream:short)%00%(objectname)%00%(upstream:track)%00%(upstream:remotename)%00%(upstream:remoteref) refs/heads/master refs/remotes/master [1ms]
[2022-12-02T07:37:16.891Z] > git for-each-ref --sort -committerdate --format %(refname) %(objectname) %(*objectname) [11ms]
[2022-12-02T07:37:16.893Z] > git remote --verbose [3ms]
[2022-12-02T07:37:17.000Z] > git config --get commit.template [4ms]
[2022-12-02T07:37:22.070Z] > git status -z -uall [57ms]
[2022-12-02T07:37:22.082Z] > git symbolic-ref --short HEAD [3ms]
[2022-12-02T07:37:22.093Z] > git for-each-ref --format=%(refname)%00%(upstream:short)%00%(objectname)%00%(upstream:track)%00%(upstream:remotename)%00%(upstream:remoteref) refs/heads/master refs/remotes/master [2ms]
[2022-12-02T07:37:22.113Z] > git for-each-ref --sort -committerdate --format %(refname) %(objectname) %(*objectname) [11ms]
[2022-12-02T07:37:22.116Z] > git remote --verbose [4ms]
[2022-12-02T07:37:22.217Z] > git config --get commit.template [4ms]
[2022-12-02T07:37:27.285Z] > git status -z -uall [56ms]
[2022-12-02T07:37:27.297Z] > git symbolic-ref --short HEAD [3ms]
[2022-12-02T07:37:27.307Z] > git for-each-ref --format=%(refname)%00%(upstream:short)%00%(objectname)%00%(upstream:track)%00%(upstream:remotename)%00%(upstream:remoteref) refs/heads/master refs/remotes/master [2ms]
[2022-12-02T07:37:27.326Z] > git for-each-ref --sort -committerdate --format %(refname) %(objectname) %(*objectname) [10ms]
[2022-12-02T07:37:27.329Z] > git remote --verbose [2ms]
[2022-12-02T07:37:27.431Z] > git config --get commit.template [5ms]
[2022-12-02T07:37:32.506Z] > git status -z -uall [61ms]
[2022-12-02T07:37:32.518Z] > git symbolic-ref --short HEAD [3ms]
[2022-12-02T07:37:32.529Z] > git for-each-ref --format=%(refname)%00%(upstream:short)%00%(objectname)%00%(upstream:track)%00%(upstream:remotename)%00%(upstream:remoteref) refs/heads/master refs/remotes/master [2ms]
[2022-12-02T07:37:32.549Z] > git for-each-ref --sort -committerdate --format %(refname) %(objectname) %(*objectname) [11ms]
[2022-12-02T07:37:32.551Z] > git remote --verbose [3ms]
[2022-12-02T07:37:32.643Z] > git config --get commit.template [4ms]
[2022-12-02T07:37:37.727Z] > git status -z -uall [70ms]
[2022-12-02T07:37:37.739Z] > git symbolic-ref --short HEAD [3ms]
[2022-12-02T07:37:37.752Z] > git for-each-ref --format=%(refname)%00%(upstream:short)%00%(objectname)%00%(upstream:track)%00%(upstream:remotename)%00%(upstream:remoteref) refs/heads/master refs/remotes/master [2ms]
[2022-12-02T07:37:37.773Z] > git for-each-ref --sort -committerdate --format %(refname) %(objectname) %(*objectname) [12ms]
[2022-12-02T07:37:37.775Z] > git remote --verbose [3ms]
[2022-12-02T07:37:37.878Z] > git config --get commit.template [4ms]
[2022-12-02T07:37:42.943Z] > git status -z -uall [53ms]
[2022-12-02T07:37:42.956Z] > git symbolic-ref --short HEAD [2ms]
[2022-12-02T07:37:42.969Z] > git for-each-ref --format=%(refname)%00%(upstream:short)%00%(objectname)%00%(upstream:track)%00%(upstream:remotename)%00%(upstream:remoteref) refs/heads/master refs/remotes/master [3ms]
[2022-12-02T07:37:42.990Z] > git for-each-ref --sort -committerdate --format %(refname) %(objectname) %(*objectname) [12ms]
[2022-12-02T07:37:42.993Z] > git remote --verbose [4ms]
[2022-12-02T07:37:43.111Z] > git config --get commit.template [4ms]
[2022-12-02T07:37:48.177Z] > git status -z -uall [53ms]
[2022-12-02T07:37:48.189Z] > git symbolic-ref --short HEAD [3ms]
[2022-12-02T07:37:48.201Z] > git for-each-ref --format=%(refname)%00%(upstream:short)%00%(objectname)%00%(upstream:track)%00%(upstream:remotename)%00%(upstream:remoteref) refs/heads/master refs/remotes/master [2ms]
[2022-12-02T07:37:48.222Z] > git for-each-ref --sort -committerdate --format %(refname) %(objectname) %(*objectname) [11ms]
[2022-12-02T07:37:48.224Z] > git remote --verbose [3ms]
[2022-12-02T07:37:48.313Z] > git config --get commit.template [4ms]
[2022-12-02T07:37:53.377Z] > git status -z -uall [52ms]
[2022-12-02T07:37:53.389Z] > git symbolic-ref --short HEAD [3ms]
[2022-12-02T07:37:53.400Z] > git for-each-ref --format=%(refname)%00%(upstream:short)%00%(objectname)%00%(upstream:track)%00%(upstream:remotename)%00%(upstream:remoteref) refs/heads/master refs/remotes/master [2ms]
[2022-12-02T07:37:53.423Z] > git for-each-ref --sort -committerdate --format %(refname) %(objectname) %(*objectname) [12ms]
[2022-12-02T07:37:53.425Z] > git remote --verbose [3ms]
[2022-12-02T07:37:53.522Z] > git config --get commit.template [4ms]
[2022-12-02T07:37:58.586Z] > git status -z -uall [52ms]
[2022-12-02T07:37:58.603Z] > git symbolic-ref --short HEAD [3ms]
[2022-12-02T07:37:58.615Z] > git for-each-ref --format=%(refname)%00%(upstream:short)%00%(objectname)%00%(upstream:track)%00%(upstream:remotename)%00%(upstream:remoteref) refs/heads/master refs/remotes/master [2ms]
[2022-12-02T07:37:58.636Z] > git for-each-ref --sort -committerdate --format %(refname) %(objectname) %(*objectname) [11ms]
[2022-12-02T07:37:58.638Z] > git remote --verbose [3ms]
[2022-12-02T07:37:58.726Z] > git config --get commit.template [3ms]
[2022-12-02T07:38:03.792Z] > git status -z -uall [52ms]
[2022-12-02T07:38:03.805Z] > git symbolic-ref --short HEAD [3ms]
[2022-12-02T07:38:03.817Z] > git for-each-ref --format=%(refname)%00%(upstream:short)%00%(objectname)%00%(upstream:track)%00%(upstream:remotename)%00%(upstream:remoteref) refs/heads/master refs/remotes/master [2ms]
[2022-12-02T07:38:03.840Z] > git for-each-ref --sort -committerdate --format %(refname) %(objectname) %(*objectname) [13ms]
[2022-12-02T07:38:03.842Z] > git remote --verbose [3ms]
[2022-12-02T07:38:03.934Z] > git config --get commit.template [3ms]
[2022-12-02T07:38:08.998Z] > git status -z -uall [53ms]
[2022-12-02T07:38:09.010Z] > git symbolic-ref --short HEAD [3ms]
[2022-12-02T07:38:09.021Z] > git for-each-ref --format=%(refname)%00%(upstream:short)%00%(objectname)%00%(upstream:track)%00%(upstream:remotename)%00%(upstream:remoteref) refs/heads/master refs/remotes/master [2ms]
[2022-12-02T07:38:09.042Z] > git for-each-ref --sort -committerdate --format %(refname) %(objectname) %(*objectname) [12ms]
[2022-12-02T07:38:09.044Z] > git remote --verbose [3ms]
[2022-12-02T07:38:09.131Z] > git config --get commit.template [4ms]
[2022-12-02T07:38:14.197Z] > git status -z -uall [54ms]
[2022-12-02T07:38:14.212Z] > git symbolic-ref --short HEAD [3ms]
[2022-12-02T07:38:14.227Z] > git for-each-ref --format=%(refname)%00%(upstream:short)%00%(objectname)%00%(upstream:track)%00%(upstream:remotename)%00%(upstream:remoteref) refs/heads/master refs/remotes/master [3ms]
[2022-12-02T07:38:14.250Z] > git for-each-ref --sort -committerdate --format %(refname) %(objectname) %(*objectname) [13ms]
[2022-12-02T07:38:14.252Z] > git remote --verbose [3ms]
[2022-12-02T07:38:14.344Z] > git config --get commit.template [3ms]
[2022-12-02T07:38:19.412Z] > git status -z -uall [56ms]
[2022-12-02T07:38:19.426Z] > git symbolic-ref --short HEAD [3ms]
[2022-12-02T07:38:19.441Z] > git for-each-ref --format=%(refname)%00%(upstream:short)%00%(objectname)%00%(upstream:track)%00%(upstream:remotename)%00%(upstream:remoteref) refs/heads/master refs/remotes/master [3ms]
[2022-12-02T07:38:19.462Z] > git for-each-ref --sort -committerdate --format %(refname) %(objectname) %(*objectname) [11ms]
[2022-12-02T07:38:19.464Z] > git remote --verbose [3ms]
[2022-12-02T07:38:19.561Z] > git config --get commit.template [3ms]
[2022-12-02T07:38:24.644Z] > git status -z -uall [72ms]
[2022-12-02T07:38:24.657Z] > git symbolic-ref --short HEAD [2ms]
[2022-12-02T07:38:24.669Z] > git for-each-ref --format=%(refname)%00%(upstream:short)%00%(objectname)%00%(upstream:track)%00%(upstream:remotename)%00%(upstream:remoteref) refs/heads/master refs/remotes/master [3ms]
[2022-12-02T07:38:24.689Z] > git for-each-ref --sort -committerdate --format %(refname) %(objectname) %(*objectname) [11ms]
[2022-12-02T07:38:24.691Z] > git remote --verbose [3ms]
[2022-12-02T07:38:24.778Z] > git config --get commit.template [3ms]
[2022-12-02T07:38:29.840Z] > git status -z -uall [51ms]
[2022-12-02T07:38:29.853Z] > git symbolic-ref --short HEAD [3ms]
[2022-12-02T07:38:29.864Z] > git for-each-ref --format=%(refname)%00%(upstream:short)%00%(objectname)%00%(upstream:track)%00%(upstream:remotename)%00%(upstream:remoteref) refs/heads/master refs/remotes/master [2ms]
[2022-12-02T07:38:29.886Z] > git for-each-ref --sort -committerdate --format %(refname) %(objectname) %(*objectname) [12ms]
[2022-12-02T07:38:29.888Z] > git remote --verbose [3ms]
[2022-12-02T07:38:29.976Z] > git config --get commit.template [3ms]
[2022-12-02T07:38:35.047Z] > git status -z -uall [57ms]
[2022-12-02T07:38:35.062Z] > git symbolic-ref --short HEAD [3ms]
[2022-12-02T07:38:35.076Z] > git for-each-ref --format=%(refname)%00%(upstream:short)%00%(objectname)%00%(upstream:track)%00%(upstream:remotename)%00%(upstream:remoteref) refs/heads/master refs/remotes/master [2ms]
[2022-12-02T07:38:35.100Z] > git for-each-ref --sort -committerdate --format %(refname) %(objectname) %(*objectname) [13ms]
[2022-12-02T07:38:35.102Z] > git remote --verbose [3ms]
[2022-12-02T07:38:35.201Z] > git config --get commit.template [4ms]
[2022-12-02T07:38:40.278Z] > git status -z -uall [63ms]
[2022-12-02T07:38:40.292Z] > git symbolic-ref --short HEAD [3ms]
[2022-12-02T07:38:40.303Z] > git for-each-ref --format=%(refname)%00%(upstream:short)%00%(objectname)%00%(upstream:track)%00%(upstream:remotename)%00%(upstream:remoteref) refs/heads/master refs/remotes/master [2ms]
[2022-12-02T07:38:40.324Z] > git for-each-ref --sort -committerdate --format %(refname) %(objectname) %(*objectname) [12ms]
[2022-12-02T07:38:40.327Z] > git remote --verbose [4ms]
[2022-12-02T07:38:40.444Z] > git config --get commit.template [5ms]
[2022-12-02T07:38:45.503Z] > git status -z -uall [49ms]
[2022-12-02T07:38:45.515Z] > git symbolic-ref --short HEAD [3ms]
[2022-12-02T07:38:45.526Z] > git for-each-ref --format=%(refname)%00%(upstream:short)%00%(objectname)%00%(upstream:track)%00%(upstream:remotename)%00%(upstream:remoteref) refs/heads/master refs/remotes/master [2ms]
[2022-12-02T07:38:45.546Z] > git for-each-ref --sort -committerdate --format %(refname) %(objectname) %(*objectname) [11ms]
[2022-12-02T07:38:45.549Z] > git remote --verbose [4ms]
[2022-12-02T07:38:45.642Z] > git config --get commit.template [4ms]
[2022-12-02T07:38:50.719Z] > git status -z -uall [64ms]
[2022-12-02T07:38:50.732Z] > git symbolic-ref --short HEAD [3ms]
[2022-12-02T07:38:50.746Z] > git for-each-ref --format=%(refname)%00%(upstream:short)%00%(objectname)%00%(upstream:track)%00%(upstream:remotename)%00%(upstream:remoteref) refs/heads/master refs/remotes/master [3ms]
[2022-12-02T07:38:50.772Z] > git for-each-ref --sort -committerdate --format %(refname) %(objectname) %(*objectname) [15ms]
[2022-12-02T07:38:50.775Z] > git remote --verbose [5ms]
[2022-12-02T07:38:50.877Z] > git config --get commit.template [5ms]
[2022-12-02T07:38:55.949Z] > git status -z -uall [59ms]
[2022-12-02T07:38:55.962Z] > git symbolic-ref --short HEAD [2ms]
[2022-12-02T07:38:55.974Z] > git for-each-ref --format=%(refname)%00%(upstream:short)%00%(objectname)%00%(upstream:track)%00%(upstream:remotename)%00%(upstream:remoteref) refs/heads/master refs/remotes/master [2ms]
[2022-12-02T07:38:55.998Z] > git for-each-ref --sort -committerdate --format %(refname) %(objectname) %(*objectname) [13ms]
[2022-12-02T07:38:56.001Z] > git remote --verbose [4ms]
[2022-12-02T07:38:56.118Z] > git config --get commit.template [4ms]
[2022-12-02T07:39:01.185Z] > git status -z -uall [54ms]
[2022-12-02T07:39:01.199Z] > git symbolic-ref --short HEAD [3ms]
[2022-12-02T07:39:01.213Z] > git for-each-ref --format=%(refname)%00%(upstream:short)%00%(objectname)%00%(upstream:track)%00%(upstream:remotename)%00%(upstream:remoteref) refs/heads/master refs/remotes/master [3ms]
[2022-12-02T07:39:01.239Z] > git for-each-ref --sort -committerdate --format %(refname) %(objectname) %(*objectname) [14ms]
[2022-12-02T07:39:01.242Z] > git remote --verbose [3ms]
[2022-12-02T07:39:01.340Z] > git config --get commit.template [4ms]
[2022-12-02T07:39:06.410Z] > git status -z -uall [58ms]
[2022-12-02T07:39:06.422Z] > git symbolic-ref --short HEAD [2ms]
[2022-12-02T07:39:06.434Z] > git for-each-ref --format=%(refname)%00%(upstream:short)%00%(objectname)%00%(upstream:track)%00%(upstream:remotename)%00%(upstream:remoteref) refs/heads/master refs/remotes/master [2ms]
[2022-12-02T07:39:06.457Z] > git for-each-ref --sort -committerdate --format %(refname) %(objectname) %(*objectname) [13ms]
[2022-12-02T07:39:06.460Z] > git remote --verbose [4ms]
[2022-12-02T07:39:06.554Z] > git config --get commit.template [4ms]
[2022-12-02T07:39:11.621Z] > git status -z -uall [54ms]
[2022-12-02T07:39:11.634Z] > git symbolic-ref --short HEAD [2ms]
[2022-12-02T07:39:11.647Z] > git for-each-ref --format=%(refname)%00%(upstream:short)%00%(objectname)%00%(upstream:track)%00%(upstream:remotename)%00%(upstream:remoteref) refs/heads/master refs/remotes/master [2ms]
[2022-12-02T07:39:11.670Z] > git for-each-ref --sort -committerdate --format %(refname) %(objectname) %(*objectname) [12ms]
[2022-12-02T07:39:11.672Z] > git remote --verbose [3ms]
[2022-12-02T07:39:11.765Z] > git config --get commit.template [4ms]
[2022-12-02T07:39:16.834Z] > git status -z -uall [57ms]
[2022-12-02T07:39:16.848Z] > git symbolic-ref --short HEAD [3ms]
[2022-12-02T07:39:16.860Z] > git for-each-ref --format=%(refname)%00%(upstream:short)%00%(objectname)%00%(upstream:track)%00%(upstream:remotename)%00%(upstream:remoteref) refs/heads/master refs/remotes/master [2ms]
[2022-12-02T07:39:16.881Z] > git for-each-ref --sort -committerdate --format %(refname) %(objectname) %(*objectname) [11ms]
[2022-12-02T07:39:16.884Z] > git remote --verbose [4ms]
[2022-12-02T07:39:16.987Z] > git config --get commit.template [5ms]
