[Info  - 09:27:15.189] Starting TS Server
[Info  - 09:27:15.189] Using tsserver from: /root/.vscode-server/bin/d045a5eda657f4d7b676dedbfa7aab8207f8a075/extensions/node_modules/typescript/lib/tsserver.js
[Info  - 09:27:15.192] <syntax> Forking...
[Info  - 09:27:15.201] <syntax> Starting...
[Info  - 09:27:15.202] <semantic> Forking...
[Info  - 09:27:15.213] <semantic> Starting...
[Error  - 09:52:28.613] TSServer exited. Code: null. Signal: SIGKILL
[Info  - 09:52:28.617] Starting TS Server
[Info  - 09:52:28.617] Using tsserver from: /root/.vscode-server/bin/d045a5eda657f4d7b676dedbfa7aab8207f8a075/extensions/node_modules/typescript/lib/tsserver.js
[Info  - 09:52:28.631] <syntax> Forking...
[Info  - 09:52:28.675] <syntax> Starting...
[Info  - 09:52:28.676] <semantic> Forking...
[Info  - 09:52:28.697] <semantic> Starting...
[Error  - 09:53:50.605] TSServer exited. Code: null. Signal: SIGKILL
[Info  - 09:53:50.607] Starting TS Server
[Info  - 09:53:50.607] Using tsserver from: /root/.vscode-server/bin/d045a5eda657f4d7b676dedbfa7aab8207f8a075/extensions/node_modules/typescript/lib/tsserver.js
[Info  - 09:53:50.609] <syntax> Forking...
[Info  - 09:53:50.675] <syntax> Starting...
[Info  - 09:53:50.676] <semantic> Forking...
[Info  - 09:53:50.761] <semantic> Starting...
[Error  - 10:03:45.877] TSServer exited. Code: null. Signal: SIGKILL
[Info  - 10:03:45.880] Starting TS Server
[Info  - 10:03:45.880] Using tsserver from: /root/.vscode-server/bin/d045a5eda657f4d7b676dedbfa7aab8207f8a075/extensions/node_modules/typescript/lib/tsserver.js
[Info  - 10:03:45.884] <syntax> Forking...
[Info  - 10:03:45.939] <syntax> Starting...
[Info  - 10:03:45.940] <semantic> Forking...
[Info  - 10:03:45.972] <semantic> Starting...
