[2022-11-30 13:37:10.455] [exthost] [info] Extension host with pid 2883 started
[2022-11-30 13:37:10.498] [exthost] [info] Lock '/root/.vscode-server/data/User/workspaceStorage/11e8db22f723f2592400fb9270f18344/vscode.lock': Lock acquired.
[2022-11-30 13:37:10.622] [exthost] [info] ExtensionService#_doActivateExtension vscode.typescript-language-features, startup: false, activationEvent: 'onLanguage:javascript'
[2022-11-30 13:37:10.624] [exthost] [info] ExtensionService#_doActivateExtension vscode.debug-auto-launch, startup: true, activationEvent: '*'
[2022-11-30 13:37:10.625] [exthost] [info] ExtensionService#_doActivateExtension vscode.git-base, startup: true, activationEvent: '*', root cause: vscode.git
[2022-11-30 13:37:10.626] [exthost] [info] ExtensionService#_doActivateExtension vscode.ipynb, startup: true, activationEvent: '*'
[2022-11-30 13:37:11.684] [exthost] [info] ExtensionService#_doActivateExtension vscode.git, startup: true, activationEvent: '*'
[2022-11-30 13:37:11.685] [exthost] [info] ExtensionService#_doActivateExtension vscode.github, startup: true, activationEvent: '*'
[2022-11-30 13:37:13.141] [exthost] [info] ExtensionService#_doActivateExtension vscode.emmet, startup: false, activationEvent: 'onStartupFinished'
[2022-11-30 13:37:13.149] [exthost] [info] ExtensionService#_doActivateExtension vscode.merge-conflict, startup: false, activationEvent: 'onStartupFinished'
[2022-11-30 13:37:13.161] [exthost] [info] Eager extensions activated
[2022-11-30 13:37:20.717] [exthost] [info] ExtensionService#_doActivateExtension vscode.html-language-features, startup: false, activationEvent: 'onLanguage:html'
[2022-11-30 13:39:36.681] [exthost] [error] Error: ENOENT: no such file or directory, open '/root/.vscode-server/data/User/workspaceStorage/11e8db22f723f2592400fb9270f18344/vscode.lock'
[2022-11-30 13:39:36.682] [exthost] [info] Lock '/root/.vscode-server/data/User/workspaceStorage/11e8db22f723f2592400fb9270f18344/vscode.lock': The lock was lost unexpectedly.
[2022-11-30 13:39:36.684] [exthost] [error] Error: ENOENT: no such file or directory, utime '/root/.vscode-server/data/User/workspaceStorage/11e8db22f723f2592400fb9270f18344/vscode.lock'
[2022-11-30 13:39:36.684] [exthost] [info] Lock '/root/.vscode-server/data/User/workspaceStorage/11e8db22f723f2592400fb9270f18344/vscode.lock': Could not update mtime.
[2022-11-30 14:06:06.443] [exthost] [info] ExtensionService#_doActivateExtension vscode.configuration-editing, startup: false, activationEvent: 'onLanguage:jsonc'
[2022-11-30 14:06:06.444] [exthost] [info] ExtensionService#_doActivateExtension vscode.json-language-features, startup: false, activationEvent: 'onLanguage:jsonc'
[2022-11-30 14:06:33.989] [exthost] [info] Extension host terminating: received terminate message from renderer
[2022-11-30 14:06:33.991] [exthost] [info] Lock '/root/.vscode-server/data/User/workspaceStorage/11e8db22f723f2592400fb9270f18344/vscode.lock': Marking the lockfile as scheduled to be released in 6000 ms.
[2022-11-30 14:06:34.142] [exthost] [info] Extension host with pid 2883 exiting with code 0
