0 verbose cli /usr/bin/node /usr/bin/npm
1 info using npm@8.18.0
2 info using node@v18.7.0
3 timing npm:load:whichnode Completed in 0ms
4 timing config:load:defaults Completed in 2ms
5 timing config:load:file:/usr/share/nodejs/npm/npmrc Completed in 31ms
6 timing config:load:builtin Completed in 31ms
7 timing config:load:cli Completed in 11ms
8 timing config:load:env Completed in 6ms
9 timing config:load:file:/root/.cache/typescript/4.8/.npmrc Completed in 1ms
10 timing config:load:project Completed in 9ms
11 timing config:load:file:/root/.npmrc Completed in 0ms
12 timing config:load:user Completed in 0ms
13 timing config:load:file:/etc/npmrc Completed in 2ms
14 timing config:load:global Completed in 2ms
15 timing config:load:validate Completed in 1ms
16 timing config:load:credentials Completed in 7ms
17 timing config:load:setEnvs Completed in 2ms
18 timing config:load Completed in 73ms
19 timing npm:load:configload Completed in 73ms
20 timing npm:load:mkdirpcache Completed in 2ms
21 timing npm:load:mkdirplogs Completed in 5ms
22 verbose title npm install types-registry@latest
23 verbose argv "install" "--ignore-scripts" "types-registry@latest"
24 timing npm:load:setTitle Completed in 1ms
25 timing config:load:flatten Completed in 9ms
26 timing npm:load:display Completed in 17ms
27 verbose logfile logs-max:10 dir:/root/.npm/_logs
28 verbose logfile /root/.npm/_logs/2022-12-01T12_18_57_889Z-debug-0.log
29 timing npm:load:logFile Completed in 28ms
30 timing npm:load:timers Completed in 0ms
31 timing npm:load:configScope Completed in 0ms
32 timing npm:load Completed in 132ms
33 timing arborist:ctor Completed in 1ms
34 silly logfile start cleaning logs, removing 1 files
35 silly logfile done cleaning log files
36 timing idealTree:init Completed in 145ms
37 timing arborist:ctor Completed in 0ms
38 http fetch GET 200 https://registry.npmjs.org/types-registry 351ms (cache revalidated)
39 timing idealTree:userRequests Completed in 368ms
40 silly idealTree buildDeps
41 silly fetch manifest types-registry@0.1.620
42 silly placeDep ROOT types-registry@0.1.620 REPLACE for:  want: 0.1.620
43 timing idealTree:#root Completed in 32ms
44 timing idealTree:node_modules/types-registry Completed in 0ms
45 timing idealTree:buildDeps Completed in 55ms
46 timing idealTree:fixDepFlags Completed in 1ms
47 timing idealTree Completed in 602ms
48 timing reify:loadTrees Completed in 605ms
49 timing reify:diffTrees Completed in 3ms
50 silly reify moves {}
51 timing reify:retireShallow Completed in 3ms
52 timing reify:createSparse Completed in 0ms
53 timing reify:loadBundles Completed in 0ms
54 silly audit bulk request {
54 silly audit   '@types/body-parser': [ '1.19.2' ],
54 silly audit   '@types/connect': [ '3.4.35' ],
54 silly audit   '@types/express': [ '4.17.14' ],
54 silly audit   '@types/express-serve-static-core': [ '4.17.31' ],
54 silly audit   '@types/merge-descriptors': [ '1.0.1' ],
54 silly audit   '@types/mime': [ '3.0.1' ],
54 silly audit   '@types/node': [ '18.11.10' ],
54 silly audit   '@types/qs': [ '6.9.7' ],
54 silly audit   '@types/range-parser': [ '1.2.4' ],
54 silly audit   '@types/serve-static': [ '1.15.0' ],
54 silly audit   '@types/validator': [ '13.7.10' ],
54 silly audit   'types-registry': [ '0.1.620' ]
54 silly audit }
55 timing reify:unpack Completed in 0ms
56 timing reify:unretire Completed in 0ms
57 timing build:queue Completed in 0ms
58 timing build:deps Completed in 1ms
59 timing build Completed in 5ms
60 timing reify:build Completed in 5ms
61 timing reify:trash Completed in 0ms
62 timing reify:save Completed in 30ms
63 http fetch POST 200 https://registry.npmjs.org/-/npm/v1/security/advisories/bulk 287ms
64 timing auditReport:getReport Completed in 300ms
65 silly audit report {}
66 timing auditReport:init Completed in 0ms
67 timing reify:audit Completed in 302ms
68 timing reify Completed in 956ms
69 timing command:install Completed in 980ms
70 verbose exit 0
71 timing npm Completed in 1671ms
72 info ok
