0 verbose cli /usr/bin/node /usr/bin/npm
1 info using npm@8.18.0
2 info using node@v18.7.0
3 timing npm:load:whichnode Completed in 1ms
4 timing config:load:defaults Completed in 6ms
5 timing config:load:file:/usr/share/nodejs/npm/npmrc Completed in 6ms
6 timing config:load:builtin Completed in 7ms
7 timing config:load:cli Completed in 4ms
8 timing config:load:env Completed in 3ms
9 timing config:load:file:/root/chatapp/.npmrc Completed in 0ms
10 timing config:load:project Completed in 9ms
11 timing config:load:file:/root/.npmrc Completed in 0ms
12 timing config:load:user Completed in 1ms
13 timing config:load:file:/etc/npmrc Completed in 0ms
14 timing config:load:global Completed in 1ms
15 timing config:load:validate Completed in 0ms
16 timing config:load:credentials Completed in 2ms
17 timing config:load:setEnvs Completed in 2ms
18 timing config:load Completed in 37ms
19 timing npm:load:configload Completed in 37ms
20 timing npm:load:mkdirpcache Completed in 2ms
21 timing npm:load:mkdirplogs Completed in 1ms
22 verbose title npm i validator
23 verbose argv "i" "validator"
24 timing npm:load:setTitle Completed in 2ms
25 timing config:load:flatten Completed in 4ms
26 timing npm:load:display Completed in 7ms
27 verbose logfile logs-max:10 dir:/root/.npm/_logs
28 verbose logfile /root/.npm/_logs/2022-12-01T16_39_14_556Z-debug-0.log
29 timing npm:load:logFile Completed in 10ms
30 timing npm:load:timers Completed in 0ms
31 timing npm:load:configScope Completed in 0ms
32 timing npm:load Completed in 62ms
33 timing arborist:ctor Completed in 2ms
34 silly logfile start cleaning logs, removing 1 files
35 silly logfile done cleaning log files
36 timing idealTree:init Completed in 320ms
37 timing idealTree:userRequests Completed in 2ms
38 silly idealTree buildDeps
39 silly fetch manifest validator@^13.7.0
40 timing arborist:ctor Completed in 0ms
41 http fetch GET 200 https://registry.npmjs.org/validator 357ms (cache miss)
42 silly placeDep ROOT validator@13.7.0 REPLACE for: chatapp@1.0.0 want: ^13.7.0
43 timing idealTree:#root Completed in 378ms
44 timing idealTree:node_modules/validator Completed in 0ms
45 timing idealTree:buildDeps Completed in 380ms
46 timing idealTree:fixDepFlags Completed in 7ms
47 timing idealTree Completed in 721ms
48 timing reify:loadTrees Completed in 722ms
49 timing reify:diffTrees Completed in 15ms
50 silly reify moves {}
51 timing reify:retireShallow Completed in 3ms
52 timing reify:createSparse Completed in 0ms
53 timing reify:loadBundles Completed in 0ms
54 silly audit bulk request {
54 silly audit   '@gar/promisify': [ '1.1.3' ],
54 silly audit   '@mapbox/node-pre-gyp': [ '1.0.10' ],
54 silly audit   '@npmcli/fs': [ '1.1.1' ],
54 silly audit   '@npmcli/move-file': [ '1.1.2' ],
54 silly audit   '@socket.io/component-emitter': [ '3.1.0' ],
54 silly audit   '@tootallnate/once': [ '1.1.2' ],
54 silly audit   '@types/cookie': [ '0.4.1' ],
54 silly audit   '@types/cors': [ '2.8.12' ],
54 silly audit   '@types/node': [ '18.11.9' ],
54 silly audit   abbrev: [ '1.1.1' ],
54 silly audit   accepts: [ '1.3.8' ],
54 silly audit   'agent-base': [ '6.0.2' ],
54 silly audit   debug: [ '4.3.4', '2.6.9' ],
54 silly audit   ms: [ '2.1.2', '2.0.0', '2.1.3' ],
54 silly audit   agentkeepalive: [ '4.2.1' ],
54 silly audit   depd: [ '1.1.2', '2.0.0' ],
54 silly audit   'aggregate-error': [ '3.1.0' ],
54 silly audit   'ansi-regex': [ '5.0.1' ],
54 silly audit   aproba: [ '2.0.0' ],
54 silly audit   'are-we-there-yet': [ '2.0.0', '3.0.1' ],
54 silly audit   'array-flatten': [ '1.1.1' ],
54 silly audit   'balanced-match': [ '1.0.2' ],
54 silly audit   base64id: [ '2.0.0' ],
54 silly audit   'body-parser': [ '1.20.1' ],
54 silly audit   'brace-expansion': [ '1.1.11' ],
54 silly audit   bytes: [ '3.1.2' ],
54 silly audit   cacache: [ '15.3.0' ],
54 silly audit   'call-bind': [ '1.0.2' ],
54 silly audit   chownr: [ '2.0.0' ],
54 silly audit   'clean-stack': [ '2.2.0' ],
54 silly audit   'color-support': [ '1.1.3' ],
54 silly audit   'concat-map': [ '0.0.1' ],
54 silly audit   'console-control-strings': [ '1.1.0' ],
54 silly audit   'content-disposition': [ '0.5.4' ],
54 silly audit   'content-type': [ '1.0.4' ],
54 silly audit   cookie: [ '0.5.0', '0.4.2' ],
54 silly audit   'cookie-signature': [ '1.0.6' ],
54 silly audit   cors: [ '2.8.5' ],
54 silly audit   delegates: [ '1.0.0' ],
54 silly audit   destroy: [ '1.2.0' ],
54 silly audit   'detect-libc': [ '2.0.1' ],
54 silly audit   'ee-first': [ '1.1.1' ],
54 silly audit   'emoji-regex': [ '8.0.0' ],
54 silly audit   encodeurl: [ '1.0.2' ],
54 silly audit   encoding: [ '0.1.13' ],
54 silly audit   'iconv-lite': [ '0.6.3', '0.4.24' ],
54 silly audit   'engine.io': [ '6.2.0' ],
54 silly audit   'engine.io-parser': [ '5.0.4' ],
54 silly audit   'env-paths': [ '2.2.1' ],
54 silly audit   'err-code': [ '2.0.3' ],
54 silly audit   'escape-html': [ '1.0.3' ],
54 silly audit   etag: [ '1.8.1' ],
54 silly audit   express: [ '4.18.2' ],
54 silly audit   finalhandler: [ '1.2.0' ],
54 silly audit   forwarded: [ '0.2.0' ],
54 silly audit   fresh: [ '0.5.2' ],
54 silly audit   'fs-minipass': [ '2.1.0' ],
54 silly audit   'fs.realpath': [ '1.0.0' ],
54 silly audit   'function-bind': [ '1.1.1' ],
54 silly audit   gauge: [ '3.0.2', '4.0.4' ],
54 silly audit   'get-intrinsic': [ '1.1.3' ],
54 silly audit   glob: [ '7.2.3' ],
54 silly audit   'graceful-fs': [ '4.2.10' ],
54 silly audit   has: [ '1.0.3' ],
54 silly audit   'has-symbols': [ '1.0.3' ],
54 silly audit   'has-unicode': [ '2.0.1' ],
54 silly audit   'http-cache-semantics': [ '4.1.0' ],
54 silly audit   'http-errors': [ '2.0.0' ],
54 silly audit   'http-proxy-agent': [ '4.0.1' ],
54 silly audit   'https-proxy-agent': [ '5.0.1' ],
54 silly audit   'humanize-ms': [ '1.2.1' ],
54 silly audit   imurmurhash: [ '0.1.4' ],
54 silly audit   'indent-string': [ '4.0.0' ],
54 silly audit   'infer-owner': [ '1.0.4' ],
54 silly audit   inflight: [ '1.0.6' ],
54 silly audit   inherits: [ '2.0.4' ],
54 silly audit   io: [ '1.0.5' ],
54 silly audit   ip: [ '2.0.0' ],
54 silly audit   'ipaddr.js': [ '1.9.1' ],
54 silly audit   'is-fullwidth-code-point': [ '3.0.0' ],
54 silly audit   'is-lambda': [ '1.0.1' ],
54 silly audit   isexe: [ '2.0.0' ],
54 silly audit   'lru-cache': [ '6.0.0' ],
54 silly audit   'make-dir': [ '3.1.0' ],
54 silly audit   semver: [ '6.3.0', '7.3.8' ],
54 silly audit   'make-fetch-happen': [ '9.1.0' ],
54 silly audit   'media-typer': [ '0.3.0' ],
54 silly audit   'merge-descriptors': [ '1.0.1' ],
54 silly audit   methods: [ '1.1.2' ],
54 silly audit   mime: [ '1.6.0' ],
54 silly audit   'mime-db': [ '1.52.0' ],
54 silly audit   'mime-types': [ '2.1.35' ],
54 silly audit   minimatch: [ '3.1.2' ],
54 silly audit   minipass: [ '3.3.4' ],
54 silly audit   'minipass-collect': [ '1.0.2' ],
54 silly audit   'minipass-fetch': [ '1.4.1' ],
54 silly audit   'minipass-flush': [ '1.0.5' ],
54 silly audit   'minipass-pipeline': [ '1.2.4' ],
54 silly audit   'minipass-sized': [ '1.0.3' ],
54 silly audit   minizlib: [ '2.1.2' ],
54 silly audit   mkdirp: [ '1.0.4' ],
54 silly audit   negotiator: [ '0.6.3' ],
54 silly audit   'node-addon-api': [ '4.3.0' ],
54 silly audit   'node-fetch': [ '2.6.7' ],
54 silly audit   'node-gyp': [ '8.4.1' ],
54 silly audit   npmlog: [ '6.0.2', '5.0.1' ],
54 silly audit   nopt: [ '5.0.0' ],
54 silly audit   'object-assign': [ '4.1.1' ],
54 silly audit   'object-inspect': [ '1.12.2' ],
54 silly audit   'on-finished': [ '2.4.1' ],
54 silly audit   once: [ '1.4.0' ],
54 silly audit   'p-map': [ '4.0.0' ],
54 silly audit   parseurl: [ '1.3.3' ],
54 silly audit   'path-is-absolute': [ '1.0.1' ],
54 silly audit   'path-to-regexp': [ '0.1.7' ],
54 silly audit   'promise-inflight': [ '1.0.1' ],
54 silly audit   'promise-retry': [ '2.0.1' ],
54 silly audit   'proxy-addr': [ '2.0.7' ],
54 silly audit   qs: [ '6.11.0' ],
54 silly audit   'range-parser': [ '1.2.1' ],
54 silly audit   'raw-body': [ '2.5.1' ],
54 silly audit   'readable-stream': [ '3.6.0' ],
54 silly audit   retry: [ '0.12.0' ],
54 silly audit   rimraf: [ '3.0.2' ],
54 silly audit   'safe-buffer': [ '5.2.1' ],
54 silly audit   'safer-buffer': [ '2.1.2' ],
54 silly audit   send: [ '0.18.0' ],
54 silly audit   'serve-static': [ '1.15.0' ],
54 silly audit   'set-blocking': [ '2.0.0' ],
54 silly audit   setprototypeof: [ '1.2.0' ],
54 silly audit   'side-channel': [ '1.0.4' ],
54 silly audit   'signal-exit': [ '3.0.7' ],
54 silly audit   'smart-buffer': [ '4.2.0' ],
54 silly audit   'socket.io': [ '4.5.3' ],
54 silly audit   'socket.io-adapter': [ '2.4.0' ],
54 silly audit   'socket.io-parser': [ '4.2.1' ],
54 silly audit   socks: [ '2.7.1' ],
54 silly audit   'socks-proxy-agent': [ '6.2.1' ],
54 silly audit   sqlite3: [ '5.1.2' ],
54 silly audit   ssri: [ '8.0.1' ],
54 silly audit   statuses: [ '2.0.1' ],
54 silly audit   string_decoder: [ '1.3.0' ],
54 silly audit   'string-width': [ '4.2.3' ],
54 silly audit   'strip-ansi': [ '6.0.1' ],
54 silly audit   tar: [ '6.1.12' ],
54 silly audit   toidentifier: [ '1.0.1' ],
54 silly audit   tr46: [ '0.0.3' ],
54 silly audit   'type-is': [ '1.6.18' ],
54 silly audit   'unique-filename': [ '1.1.1' ],
54 silly audit   'unique-slug': [ '2.0.2' ],
54 silly audit   unpipe: [ '1.0.0' ],
54 silly audit   'util-deprecate': [ '1.0.2' ],
54 silly audit   'utils-merge': [ '1.0.1' ],
54 silly audit   vary: [ '1.1.2' ],
54 silly audit   'webidl-conversions': [ '3.0.1' ],
54 silly audit   'whatwg-url': [ '5.0.0' ],
54 silly audit   which: [ '2.0.2' ],
54 silly audit   'wide-align': [ '1.1.5' ],
54 silly audit   wrappy: [ '1.0.2' ],
54 silly audit   ws: [ '8.2.3' ],
54 silly audit   yallist: [ '4.0.0' ],
54 silly audit   validator: [ '13.7.0' ]
54 silly audit }
55 timing reify:unpack Completed in 1ms
56 timing reify:unretire Completed in 0ms
57 timing build:queue Completed in 0ms
58 timing build:deps Completed in 1ms
59 timing build Completed in 1ms
60 timing reify:build Completed in 2ms
61 timing reify:trash Completed in 0ms
62 timing reify:save Completed in 104ms
63 http fetch POST 200 https://registry.npmjs.org/-/npm/v1/security/advisories/bulk 347ms
64 timing auditReport:getReport Completed in 355ms
65 silly audit report {
65 silly audit report   'engine.io': [
65 silly audit report     {
65 silly audit report       id: 1085048,
65 silly audit report       url: 'https://github.com/advisories/GHSA-r7qp-cfhv-p84w',
65 silly audit report       title: 'Uncaught exception in engine.io ',
65 silly audit report       severity: 'moderate',
65 silly audit report       vulnerable_versions: '>=4.0.0 <6.2.1',
65 silly audit report       cwe: [Array],
65 silly audit report       cvss: [Object]
65 silly audit report     }
65 silly audit report   ]
65 silly audit report }
66 timing metavuln:cache:get:security-advisory:engine.io:uVQblvrPfPUty2VjQCvrEifWhkpIUgu8ZPtURiKSBYjncxYaLRkmLscOULvEEB42cuzHuCoOVoOlWDXhKgiBpQ== Completed in 8ms
67 http fetch GET 200 https://registry.npmjs.org/engine.io 98ms (cache revalidated)
68 timing metavuln:packument:engine.io Completed in 102ms
69 timing metavuln:load:security-advisory:engine.io:1085048 Completed in 3ms
70 timing metavuln:calculate:security-advisory:engine.io:1085048 Completed in 106ms
71 timing metavuln:cache:get:security-advisory:socket.io:B/p6lRuWLFueqNo8cstjTyhfFLhGyRcizzDhJcB2CCwmDD0N2VqsfgTePoX3Tah2/13HfqTbaf3DSuhLTfKcmw== Completed in 6ms
72 http fetch GET 200 https://registry.npmjs.org/socket.io 57ms (cache revalidated)
73 timing metavuln:packument:socket.io Completed in 65ms
74 timing metavuln:load:security-advisory:socket.io:uVQblvrPfPUty2VjQCvrEifWhkpIUgu8ZPtURiKSBYjncxYaLRkmLscOULvEEB42cuzHuCoOVoOlWDXhKgiBpQ== Completed in 2ms
75 timing metavuln:calculate:security-advisory:socket.io:uVQblvrPfPUty2VjQCvrEifWhkpIUgu8ZPtURiKSBYjncxYaLRkmLscOULvEEB42cuzHuCoOVoOlWDXhKgiBpQ== Completed in 67ms
76 timing auditReport:init Completed in 182ms
77 timing reify:audit Completed in 539ms
78 timing reify Completed in 1319ms
79 timing command:i Completed in 1380ms
80 verbose exit 0
81 timing npm Completed in 1769ms
82 info ok
