[Info  - 10:32:31.961] Starting TS Server
[Info  - 10:32:31.961] Using tsserver from: /root/.vscode-server/bin/d045a5eda657f4d7b676dedbfa7aab8207f8a075/extensions/node_modules/typescript/lib/tsserver.js
[Info  - 10:32:31.963] <syntax> Forking...
[Info  - 10:32:31.969] <syntax> Starting...
[Info  - 10:32:31.969] <semantic> Forking...
[Info  - 10:32:31.980] <semantic> Starting...
[Error  - 10:52:48.800] TSServer exited. Code: null. Signal: SIGKILL
[Info  - 10:52:48.821] Starting TS Server
[Info  - 10:52:48.837] Using tsserver from: /root/.vscode-server/bin/d045a5eda657f4d7b676dedbfa7aab8207f8a075/extensions/node_modules/typescript/lib/tsserver.js
[Info  - 10:52:48.838] <syntax> Forking...
[Info  - 10:52:48.864] <syntax> Starting...
[Info  - 10:52:48.865] <semantic> Forking...
[Info  - 10:52:48.874] <semantic> Starting...
[Error  - 10:55:09.317] TSServer exited. Code: null. Signal: SIGKILL
[Info  - 10:55:09.319] Starting TS Server
[Info  - 10:55:09.319] Using tsserver from: /root/.vscode-server/bin/d045a5eda657f4d7b676dedbfa7aab8207f8a075/extensions/node_modules/typescript/lib/tsserver.js
[Info  - 10:55:09.320] <syntax> Forking...
[Info  - 10:55:09.382] <syntax> Starting...
[Info  - 10:55:09.382] <semantic> Forking...
[Info  - 10:55:09.413] <semantic> Starting...
[Error  - 11:01:55.172] TSServer exited. Code: null. Signal: SIGKILL
[Info  - 11:01:55.174] Starting TS Server
[Info  - 11:01:55.174] Using tsserver from: /root/.vscode-server/bin/d045a5eda657f4d7b676dedbfa7aab8207f8a075/extensions/node_modules/typescript/lib/tsserver.js
[Info  - 11:01:55.180] <syntax> Forking...
[Info  - 11:01:55.293] <syntax> Starting...
[Info  - 11:01:55.293] <semantic> Forking...
[Info  - 11:01:55.373] <semantic> Starting...
