[Info  - 10:55:04.230] Starting TS Server
[Info  - 10:55:04.231] Using tsserver from: /root/.vscode-server/bin/d045a5eda657f4d7b676dedbfa7aab8207f8a075/extensions/node_modules/typescript/lib/tsserver.js
[Info  - 10:55:04.236] <syntax> Forking...
[Info  - 10:55:04.244] <syntax> Starting...
[Info  - 10:55:04.245] <semantic> Forking...
[Info  - 10:55:04.291] <semantic> Starting...
[Error  - 11:01:32.126] TSServer exited. Code: null. Signal: SIGKILL
[Info  - 11:01:32.173] Starting TS Server
[Info  - 11:01:32.173] Using tsserver from: /root/.vscode-server/bin/d045a5eda657f4d7b676dedbfa7aab8207f8a075/extensions/node_modules/typescript/lib/tsserver.js
[Info  - 11:01:32.198] <syntax> Forking...
[Info  - 11:01:32.299] <syntax> Starting...
[Info  - 11:01:32.299] <semantic> Forking...
[Info  - 11:01:32.386] <semantic> Starting...
[Error  - 11:09:56.73] TSServer exited. Code: null. Signal: SIGKILL
[Info  - 11:09:56.77] Starting TS Server
[Info  - 11:09:56.77] Using tsserver from: /root/.vscode-server/bin/d045a5eda657f4d7b676dedbfa7aab8207f8a075/extensions/node_modules/typescript/lib/tsserver.js
[Info  - 11:09:56.81] <syntax> Forking...
[Info  - 11:09:56.149] <syntax> Starting...
[Info  - 11:09:56.149] <semantic> Forking...
[Info  - 11:09:56.180] <semantic> Starting...
[Error  - 11:18:12.105] TSServer exited. Code: null. Signal: SIGKILL
[Info  - 11:18:12.107] Starting TS Server
[Info  - 11:18:12.107] Using tsserver from: /root/.vscode-server/bin/d045a5eda657f4d7b676dedbfa7aab8207f8a075/extensions/node_modules/typescript/lib/tsserver.js
[Info  - 11:18:12.108] <syntax> Forking...
[Info  - 11:18:12.139] <syntax> Starting...
[Info  - 11:18:12.140] <semantic> Forking...
[Info  - 11:18:12.167] <semantic> Starting...
