[Info  - 11:09:41.547] Starting TS Server
[Info  - 11:09:41.547] Using tsserver from: /root/.vscode-server/bin/d045a5eda657f4d7b676dedbfa7aab8207f8a075/extensions/node_modules/typescript/lib/tsserver.js
[Info  - 11:09:41.560] <syntax> Forking...
[Info  - 11:09:41.597] <syntax> Starting...
[Info  - 11:09:41.598] <semantic> Forking...
[Info  - 11:09:41.619] <semantic> Starting...
[Error  - 11:16:47.440] TSServer exited. Code: null. Signal: SIGKILL
[Info  - 11:16:47.556] Starting TS Server
[Info  - 11:16:47.556] Using tsserver from: /root/.vscode-server/bin/d045a5eda657f4d7b676dedbfa7aab8207f8a075/extensions/node_modules/typescript/lib/tsserver.js
[Info  - 11:16:47.567] <syntax> Forking...
[Info  - 11:16:47.650] <syntax> Starting...
[Info  - 11:16:47.651] <semantic> Forking...
[Info  - 11:16:47.725] <semantic> Starting...
[Error  - 11:23:02.490] TSServer exited. Code: null. Signal: SIGKILL
[Info  - 11:23:02.495] Starting TS Server
[Info  - 11:23:02.495] Using tsserver from: /root/.vscode-server/bin/d045a5eda657f4d7b676dedbfa7aab8207f8a075/extensions/node_modules/typescript/lib/tsserver.js
[Info  - 11:23:02.503] <syntax> Forking...
[Info  - 11:23:02.575] <syntax> Starting...
[Info  - 11:23:02.575] <semantic> Forking...
[Info  - 11:23:02.622] <semantic> Starting...
[Error  - 11:27:40.164] TSServer exited. Code: null. Signal: SIGKILL
[Info  - 11:27:40.166] Starting TS Server
[Info  - 11:27:40.166] Using tsserver from: /root/.vscode-server/bin/d045a5eda657f4d7b676dedbfa7aab8207f8a075/extensions/node_modules/typescript/lib/tsserver.js
[Info  - 11:27:40.171] <syntax> Forking...
[Info  - 11:27:40.243] <syntax> Starting...
[Info  - 11:27:40.243] <semantic> Forking...
[Info  - 11:27:40.276] <semantic> Starting...
