[Info  - 11:20:48.367] Starting TS Server
[Info  - 11:20:48.367] Using tsserver from: /root/.vscode-server/bin/d045a5eda657f4d7b676dedbfa7aab8207f8a075/extensions/node_modules/typescript/lib/tsserver.js
[Info  - 11:20:48.368] <syntax> Forking...
[Info  - 11:20:48.387] <syntax> Starting...
[Info  - 11:20:48.388] <semantic> Forking...
[Info  - 11:20:48.415] <semantic> Starting...
[Error  - 11:26:03.865] TSServer exited. Code: null. Signal: SIGKILL
[Info  - 11:26:03.937] Starting TS Server
[Info  - 11:26:03.937] Using tsserver from: /root/.vscode-server/bin/d045a5eda657f4d7b676dedbfa7aab8207f8a075/extensions/node_modules/typescript/lib/tsserver.js
[Info  - 11:26:04.0] <syntax> Forking...
[Info  - 11:26:04.137] <syntax> Starting...
[Info  - 11:26:04.143] <semantic> Forking...
[Info  - 11:26:04.247] <semantic> Starting...
[Error  - 11:30:20.104] TSServer exited. Code: null. Signal: SIGKILL
[Info  - 11:30:20.106] Starting TS Server
[Info  - 11:30:20.106] Using tsserver from: /root/.vscode-server/bin/d045a5eda657f4d7b676dedbfa7aab8207f8a075/extensions/node_modules/typescript/lib/tsserver.js
[Info  - 11:30:20.108] <syntax> Forking...
[Info  - 11:30:20.168] <syntax> Starting...
[Info  - 11:30:20.169] <semantic> Forking...
[Info  - 11:30:20.219] <semantic> Starting...
